<?xml version="1.0" encoding="UTF-8"?>
<!-- Generated by org.testng.reporters.JUnitXMLReporter -->
<testsuite ignored="0" hostname="LAPTOP-VO375OQQ" failures="0" tests="6" name="Regression" time="0.104" errors="0" timestamp="2025-03-29T00:58:39 IST">
  <testcase classname="abc.Day2" name="TestCase1" time="0.003"/>
  <testcase classname="abc.Day2" name="TestCase2" time="0.0"/>
  <testcase classname="abc.Day2" name="forexclude" time="0.003"/>
  <testcase classname="abc.Day2" name="forexclude1" time="0.001"/>
  <testcase classname="abc.Day2" name="forinclude" time="0.002"/>
  <testcase classname="abc.Day2" name="forinclude1" time="0.001"/>
</testsuite> <!-- Regression -->
