<?xml version="1.0" encoding="UTF-8"?>
<testng-results ignored="0" total="6" passed="6" failed="0" skipped="0">
  <reporter-output>
  </reporter-output>
  <suite started-at="2025-03-29T00:58:39 IST" name="Suite" finished-at="2025-03-29T00:58:39 IST" duration-ms="104">
    <groups>
    </groups>
    <test started-at="2025-03-29T00:58:39 IST" name="Regression" finished-at="2025-03-29T00:58:39 IST" duration-ms="104">
      <class name="abc.Day2">
        <test-method is-config="true" signature="beforeSuite()[pri:0, instance:abc.Day2@6adbc9d]" started-at="2025-03-29T00:58:39 IST" name="beforeSuite" finished-at="2025-03-29T00:58:39 IST" duration-ms="16" status="PASS">
          <reporter-output>
          </reporter-output>
        </test-method> <!-- beforeSuite -->
        <test-method is-config="true" signature="beforeThisTest()[pri:0, instance:abc.Day2@6adbc9d]" started-at="2025-03-29T00:58:39 IST" name="beforeThisTest" finished-at="2025-03-29T00:58:39 IST" duration-ms="1" status="PASS">
          <reporter-output>
          </reporter-output>
        </test-method> <!-- beforeThisTest -->
        <test-method is-config="true" signature="beforeThisClass()[pri:0, instance:abc.Day2@6adbc9d]" started-at="2025-03-29T00:58:39 IST" name="beforeThisClass" finished-at="2025-03-29T00:58:39 IST" duration-ms="1" status="PASS">
          <reporter-output>
          </reporter-output>
        </test-method> <!-- beforeThisClass -->
        <test-method is-config="true" signature="beforeMethod()[pri:0, instance:abc.Day2@6adbc9d]" started-at="2025-03-29T00:58:39 IST" name="beforeMethod" finished-at="2025-03-29T00:58:39 IST" duration-ms="1" status="PASS">
          <reporter-output>
          </reporter-output>
        </test-method> <!-- beforeMethod -->
        <test-method signature="TestCase1()[pri:0, instance:abc.Day2@6adbc9d]" started-at="2025-03-29T00:58:39 IST" name="TestCase1" finished-at="2025-03-29T00:58:39 IST" duration-ms="3" status="PASS">
          <reporter-output>
          </reporter-output>
        </test-method> <!-- TestCase1 -->
        <test-method is-config="true" signature="afterMethod()[pri:0, instance:abc.Day2@6adbc9d]" started-at="2025-03-29T00:58:39 IST" name="afterMethod" finished-at="2025-03-29T00:58:39 IST" duration-ms="1" status="PASS">
          <reporter-output>
          </reporter-output>
        </test-method> <!-- afterMethod -->
        <test-method is-config="true" signature="beforeMethod()[pri:0, instance:abc.Day2@6adbc9d]" started-at="2025-03-29T00:58:39 IST" name="beforeMethod" finished-at="2025-03-29T00:58:39 IST" duration-ms="1" status="PASS">
          <reporter-output>
          </reporter-output>
        </test-method> <!-- beforeMethod -->
        <test-method signature="TestCase2()[pri:0, instance:abc.Day2@6adbc9d]" started-at="2025-03-29T00:58:39 IST" name="TestCase2" finished-at="2025-03-29T00:58:39 IST" duration-ms="0" status="PASS">
          <reporter-output>
          </reporter-output>
        </test-method> <!-- TestCase2 -->
        <test-method is-config="true" signature="afterMethod()[pri:0, instance:abc.Day2@6adbc9d]" started-at="2025-03-29T00:58:39 IST" name="afterMethod" finished-at="2025-03-29T00:58:39 IST" duration-ms="1" status="PASS">
          <reporter-output>
          </reporter-output>
        </test-method> <!-- afterMethod -->
        <test-method is-config="true" signature="beforeMethod()[pri:0, instance:abc.Day2@6adbc9d]" started-at="2025-03-29T00:58:39 IST" name="beforeMethod" finished-at="2025-03-29T00:58:39 IST" duration-ms="2" status="PASS">
          <reporter-output>
          </reporter-output>
        </test-method> <!-- beforeMethod -->
        <test-method signature="forexclude()[pri:0, instance:abc.Day2@6adbc9d]" started-at="2025-03-29T00:58:39 IST" name="forexclude" finished-at="2025-03-29T00:58:39 IST" duration-ms="3" status="PASS">
          <reporter-output>
          </reporter-output>
        </test-method> <!-- forexclude -->
        <test-method is-config="true" signature="afterMethod()[pri:0, instance:abc.Day2@6adbc9d]" started-at="2025-03-29T00:58:39 IST" name="afterMethod" finished-at="2025-03-29T00:58:39 IST" duration-ms="1" status="PASS">
          <reporter-output>
          </reporter-output>
        </test-method> <!-- afterMethod -->
        <test-method is-config="true" signature="beforeMethod()[pri:0, instance:abc.Day2@6adbc9d]" started-at="2025-03-29T00:58:39 IST" name="beforeMethod" finished-at="2025-03-29T00:58:39 IST" duration-ms="1" status="PASS">
          <reporter-output>
          </reporter-output>
        </test-method> <!-- beforeMethod -->
        <test-method signature="forexclude1()[pri:0, instance:abc.Day2@6adbc9d]" started-at="2025-03-29T00:58:39 IST" name="forexclude1" finished-at="2025-03-29T00:58:39 IST" duration-ms="1" status="PASS">
          <reporter-output>
          </reporter-output>
        </test-method> <!-- forexclude1 -->
        <test-method is-config="true" signature="afterMethod()[pri:0, instance:abc.Day2@6adbc9d]" started-at="2025-03-29T00:58:39 IST" name="afterMethod" finished-at="2025-03-29T00:58:39 IST" duration-ms="1" status="PASS">
          <reporter-output>
          </reporter-output>
        </test-method> <!-- afterMethod -->
        <test-method is-config="true" signature="beforeMethod()[pri:0, instance:abc.Day2@6adbc9d]" started-at="2025-03-29T00:58:39 IST" name="beforeMethod" finished-at="2025-03-29T00:58:39 IST" duration-ms="1" status="PASS">
          <reporter-output>
          </reporter-output>
        </test-method> <!-- beforeMethod -->
        <test-method signature="forinclude()[pri:0, instance:abc.Day2@6adbc9d]" started-at="2025-03-29T00:58:39 IST" name="forinclude" finished-at="2025-03-29T00:58:39 IST" duration-ms="2" status="PASS">
          <reporter-output>
          </reporter-output>
        </test-method> <!-- forinclude -->
        <test-method is-config="true" signature="afterMethod()[pri:0, instance:abc.Day2@6adbc9d]" started-at="2025-03-29T00:58:39 IST" name="afterMethod" finished-at="2025-03-29T00:58:39 IST" duration-ms="1" status="PASS">
          <reporter-output>
          </reporter-output>
        </test-method> <!-- afterMethod -->
        <test-method is-config="true" signature="beforeMethod()[pri:0, instance:abc.Day2@6adbc9d]" started-at="2025-03-29T00:58:39 IST" name="beforeMethod" finished-at="2025-03-29T00:58:39 IST" duration-ms="1" status="PASS">
          <reporter-output>
          </reporter-output>
        </test-method> <!-- beforeMethod -->
        <test-method signature="forinclude1()[pri:0, instance:abc.Day2@6adbc9d]" started-at="2025-03-29T00:58:39 IST" name="forinclude1" finished-at="2025-03-29T00:58:39 IST" duration-ms="1" status="PASS">
          <reporter-output>
          </reporter-output>
        </test-method> <!-- forinclude1 -->
        <test-method is-config="true" signature="afterMethod()[pri:0, instance:abc.Day2@6adbc9d]" started-at="2025-03-29T00:58:39 IST" name="afterMethod" finished-at="2025-03-29T00:58:39 IST" duration-ms="1" status="PASS">
          <reporter-output>
          </reporter-output>
        </test-method> <!-- afterMethod -->
      </class> <!-- abc.Day2 -->
    </test> <!-- Regression -->
  </suite> <!-- Suite -->
</testng-results>
