<?xml version="1.0" encoding="UTF-8"?>
<testng-results ignored="0" total="2" passed="2" failed="0" skipped="0">
  <reporter-output>
  </reporter-output>
  <suite started-at="2025-03-31T21:10:09 IST" name="Default suite" finished-at="2025-03-31T21:10:36 IST" duration-ms="26842">
    <groups>
    </groups>
    <test started-at="2025-03-31T21:10:09 IST" name="Default test" finished-at="2025-03-31T21:10:36 IST" duration-ms="26842">
      <class name="SumaAcademy.PraticePro.WebAuto">
        <test-method signature="invokeBro()[pri:1, instance:SumaAcademy.PraticePro.WebAuto@6b2ea799]" started-at="2025-03-31T21:10:09 IST" name="invokeBro" finished-at="2025-03-31T21:10:35 IST" duration-ms="25947" status="PASS">
          <reporter-output>
          </reporter-output>
        </test-method> <!-- invokeBro -->
        <test-method signature="loginPage()[pri:2, instance:SumaAcademy.PraticePro.WebAuto@6b2ea799]" started-at="2025-03-31T21:10:35 IST" name="loginPage" finished-at="2025-03-31T21:10:36 IST" duration-ms="721" status="PASS">
          <reporter-output>
          </reporter-output>
        </test-method> <!-- loginPage -->
      </class> <!-- SumaAcademy.PraticePro.WebAuto -->
    </test> <!-- Default test -->
  </suite> <!-- Default suite -->
</testng-results>
