<?xml version="1.0" encoding="UTF-8"?>
<testng-results total="1" passed="0" failed="0" skipped="1">
  <reporter-output>
  </reporter-output>
  <suite started-at="2025-03-28T17:28:20Z" name="Suite" finished-at="2025-03-28T17:28:20Z" duration-ms="65">
    <groups>
    </groups>
    <test started-at="2025-03-28T17:28:20Z" name="Regression" finished-at="2025-03-28T17:28:20Z" duration-ms="65">
      <class name="abc.Day2">
        <test-method is-config="true" signature="BefClass()[pri:0, instance:abc.Day2@1622f1b]" started-at="2025-03-28T22:58:20Z" name="BefClass" finished-at="2025-03-28T22:58:20Z" duration-ms="20" status="PASS">
          <reporter-output>
          </reporter-output>
        </test-method> <!-- BefClass -->
        <test-method signature="SencondDay(java.lang.String)[pri:0, instance:abc.Day2@1622f1b]" started-at="2025-03-28T22:58:20Z" name="SencondDay" finished-at="2025-03-28T22:58:20Z" duration-ms="0" status="SKIP">
          <exception class="org.testng.TestNGException">
            <message>
              <![CDATA[
Parameter 'Link' is required by @Test on method SencondDay but has not been marked @Optional or defined
in D:\2025 new task\Introduction\testSuites\testng.xml]]>
            </message>
            <full-stacktrace>
              <![CDATA[org.testng.TestNGException: 
Parameter 'Link' is required by @Test on method SencondDay but has not been marked @Optional or defined
in D:\2025 new task\Introduction\testSuites\testng.xml
	at org.testng.internal.Parameters.createParameters(Parameters.java:154)
	at org.testng.internal.Parameters.createParameters(Parameters.java:361)
	at org.testng.internal.Parameters.handleParameters(Parameters.java:451)
	at org.testng.internal.Invoker.handleParameters(Invoker.java:1274)
	at org.testng.internal.Invoker.createParameters(Invoker.java:989)
	at org.testng.internal.Invoker.invokeTestMethods(Invoker.java:1079)
	at org.testng.internal.TestMethodWorker.invokeTestMethods(TestMethodWorker.java:129)
	at org.testng.internal.TestMethodWorker.run(TestMethodWorker.java:112)
	at org.testng.TestRunner.privateRun(TestRunner.java:782)
	at org.testng.TestRunner.run(TestRunner.java:632)
	at org.testng.SuiteRunner.runTest(SuiteRunner.java:366)
	at org.testng.SuiteRunner.runSequentially(SuiteRunner.java:361)
	at org.testng.SuiteRunner.privateRun(SuiteRunner.java:319)
	at org.testng.SuiteRunner.run(SuiteRunner.java:268)
	at org.testng.SuiteRunnerWorker.runSuite(SuiteRunnerWorker.java:52)
	at org.testng.SuiteRunnerWorker.run(SuiteRunnerWorker.java:86)
	at org.testng.TestNG.runSuitesSequentially(TestNG.java:1244)
	at org.testng.TestNG.runSuitesLocally(TestNG.java:1169)
	at org.testng.TestNG.run(TestNG.java:1064)
	at org.testng.remote.AbstractRemoteTestNG.run(AbstractRemoteTestNG.java:115)
	at org.testng.remote.RemoteTestNG.initAndRun(RemoteTestNG.java:293)
	at org.testng.remote.RemoteTestNG.main(RemoteTestNG.java:91)
]]>
            </full-stacktrace>
          </exception> <!-- org.testng.TestNGException -->
          <reporter-output>
          </reporter-output>
        </test-method> <!-- SencondDay -->
        <test-method is-config="true" signature="AftClass()[pri:0, instance:abc.Day2@1622f1b]" started-at="2025-03-28T22:58:20Z" name="AftClass" finished-at="2025-03-28T22:58:20Z" duration-ms="5" status="PASS">
          <reporter-output>
          </reporter-output>
        </test-method> <!-- AftClass -->
      </class> <!-- abc.Day2 -->
    </test> <!-- Regression -->
  </suite> <!-- Suite -->
</testng-results>
